Arguments: 
  /usr/local/bin/node /usr/local/bin/yarn

PATH: 
  /Users/Chuma/.rvm/gems/ruby-2.4.1/bin:/Users/Chuma/.rvm/gems/ruby-2.4.1@global/bin:/Users/Chuma/.rvm/rubies/ruby-2.4.1/bin:/usr/local/bin:/usr/bin:/bin:/usr/sbin:/sbin:/Users/Chuma/.rvm/bin

Yarn version: 
  1.9.2

Node version: 
  10.6.0

Platform: 
  darwin x64

Trace: 
  SyntaxError: /Users/Chuma/ctp-blog/package.json: Unexpected token } in JSON at position 134
      at JSON.parse (<anonymous>)
      at /usr/local/lib/node_modules/yarn/lib/cli.js:1130:59
      at Generator.next (<anonymous>)
      at step (/usr/local/lib/node_modules/yarn/lib/cli.js:92:30)
      at /usr/local/lib/node_modules/yarn/lib/cli.js:103:13

npm manifest: 
  {
    "dependencies": {
      "cosmicjs": "^2.39.0",
      "express": "^4.15.2",
      "hogan-express": "^0.5.2",
      "nodemon": "^1.11.0",
    },
    "scripts": {
      "start": "node.app.js",
      "development": "nodemon app.js"
    }
  }

yarn manifest: 
  No manifest

Lockfile: 
  No lockfile
